<?xml version="1.0" encoding="UTF-8" ?>
<testsuite tests="8" failures="0" name="GridTest" time="0.044" errors="0" skipped="0">
  <properties>
[...]
</properties>
  <testcase classname="GridTest" name="GridTest.testFlags" time="0.007"/>
  <testcase classname="GridTest" name="GridTest.testGridTiles" time="0.032"/>
  <testcase classname="GridTest" name="GridTest.testInBounds" time="0.002"/>
  <testcase classname="GridTest" name="GridTest.testTileGrid" time="0.003"/>
  <testcase classname="GridTest" name="GridTest.testDefusedMines" time="0"/>
  <testcase classname="GridTest" name="GridTest.testX" time="0"/>
  <testcase classname="GridTest" name="GridTest.testY" time="0"/>
  <testcase classname="GridTest" name="GridTest.testMines" time="0"/>
</testsuite>